{
  "stats": {
    "suites": 1,
    "tests": 6,
    "passes": 4,
    "pending": 0,
    "failures": 2,
    "start": "2022-07-28T19:39:21.122Z",
    "end": "2022-07-28T19:39:44.144Z",
    "duration": 23022,
    "testsRegistered": 6,
    "passPercent": 66.66666666666666,
    "pendingPercent": 0,
    "other": 0,
    "hasOther": false,
    "skipped": 0,
    "hasSkipped": false
  },
  "results": [
    {
      "uuid": "b0700982-5d12-4d5d-8cc6-5bad27e660de",
      "title": "",
      "fullFile": "cypress/integration/01.LoginPage_spec.js",
      "file": "cypress/integration/01.LoginPage_spec.js",
      "beforeHooks": [],
      "afterHooks": [],
      "tests": [],
      "suites": [
        {
          "uuid": "4aa1dde5-0888-4e4d-9d8f-db52bae1c1c4",
          "title": "1 - Crie uma página inicial de login com os seguintes campos e características:",
          "fullFile": "",
          "file": "",
          "beforeHooks": [],
          "afterHooks": [],
          "tests": [
            {
              "title": "A rota para esta página deve ser '/'",
              "fullTitle": "1 - Crie uma página inicial de login com os seguintes campos e características: A rota para esta página deve ser '/'",
              "timedOut": null,
              "duration": 351,
              "state": "passed",
              "speed": "fast",
              "pass": true,
              "fail": false,
              "pending": false,
              "context": null,
              "code": "cy.location('pathname').should('eq', '/');",
              "err": {},
              "uuid": "f9fc8009-3269-48b5-9d6b-469cb8dd30ed",
              "parentUUID": "4aa1dde5-0888-4e4d-9d8f-db52bae1c1c4",
              "isHook": false,
              "skipped": false
            },
            {
              "title": "Crie um local para que o usuário insira seu email e senha",
              "fullTitle": "1 - Crie uma página inicial de login com os seguintes campos e características: Crie um local para que o usuário insira seu email e senha",
              "timedOut": null,
              "duration": 135,
              "state": "passed",
              "speed": "fast",
              "pass": true,
              "fail": false,
              "pending": false,
              "context": null,
              "code": "cy.getByTestId(_constants.EMAIL_INPUT_TEST_ID).should('exist');\ncy.getByTestId(_constants.PASSWORD_INPUT_TEST_ID).should('exist');",
              "err": {},
              "uuid": "3438d876-77ed-4cec-bf2f-56d3bc999129",
              "parentUUID": "4aa1dde5-0888-4e4d-9d8f-db52bae1c1c4",
              "isHook": false,
              "skipped": false
            },
            {
              "title": "Crie um botão com o texto 'Entrar'",
              "fullTitle": "1 - Crie uma página inicial de login com os seguintes campos e características: Crie um botão com o texto 'Entrar'",
              "timedOut": null,
              "duration": 97,
              "state": "passed",
              "speed": "fast",
              "pass": true,
              "fail": false,
              "pending": false,
              "context": null,
              "code": "cy.contains(/Entrar/i).should('exist');",
              "err": {},
              "uuid": "5e766307-bf02-4eb6-ae82-00a4074c69c1",
              "parentUUID": "4aa1dde5-0888-4e4d-9d8f-db52bae1c1c4",
              "isHook": false,
              "skipped": false
            },
            {
              "title": "Realize as seguintes verificações nos campos de email, senha e botão:",
              "fullTitle": "1 - Crie uma página inicial de login com os seguintes campos e características: Realize as seguintes verificações nos campos de email, senha e botão:",
              "timedOut": null,
              "duration": 10094,
              "state": "failed",
              "speed": null,
              "pass": false,
              "fail": true,
              "pending": false,
              "context": null,
              "code": "cy.contains(/Entrar/i).should('be.disabled');\ncy.getByTestId(_constants.EMAIL_INPUT_TEST_ID).type(_constants.INVALID_EMAIL_0);\ncy.getByTestId(_constants.PASSWORD_INPUT_TEST_ID).type(_constants.VALID_PASSWORD);\ncy.contains(/Entrar/i).should('be.disabled');\ncy.getByTestId(_constants.EMAIL_INPUT_TEST_ID).clear().type(_constants.INVALID_EMAIL_1);\ncy.getByTestId(_constants.PASSWORD_INPUT_TEST_ID).clear().type(_constants.VALID_PASSWORD);\ncy.contains(/Entrar/i).should('be.disabled');\ncy.getByTestId(_constants.EMAIL_INPUT_TEST_ID).clear().type(_constants.INVALID_EMAIL_2);\ncy.getByTestId(_constants.PASSWORD_INPUT_TEST_ID).clear().type(_constants.VALID_PASSWORD);\ncy.contains(/Entrar/i).should('be.disabled');\ncy.getByTestId(_constants.EMAIL_INPUT_TEST_ID).clear().type(_constants.INVALID_EMAIL_3);\ncy.getByTestId(_constants.PASSWORD_INPUT_TEST_ID).clear().type(_constants.VALID_PASSWORD);\ncy.contains(/Entrar/i).should('be.disabled');\ncy.getByTestId(_constants.EMAIL_INPUT_TEST_ID).clear().type(_constants.VALID_EMAIL);\ncy.getByTestId(_constants.PASSWORD_INPUT_TEST_ID).clear().type(_constants.INVALID_PASSWORD);\ncy.contains(/Entrar/i).should('be.disabled');\ncy.getByTestId(_constants.EMAIL_INPUT_TEST_ID).clear().type(_constants.VALID_EMAIL);\ncy.getByTestId(_constants.PASSWORD_INPUT_TEST_ID).clear().type(_constants.VALID_PASSWORD);\ncy.contains(/Entrar/i).should('not.be.disabled');",
              "err": {
                "message": "AssertionError: Timed out retrying after 10000ms: expected '<button>' to be 'disabled'",
                "estack": "AssertionError: Timed out retrying after 10000ms: expected '<button>' to be 'disabled'\n    at Context.eval (http://localhost:3000/__cypress/tests?p=cypress/integration/01.LoginPage_spec.js:146:28)",
                "diff": null
              },
              "uuid": "bf54fb0c-de9c-43b3-9164-5fd0eedb60cd",
              "parentUUID": "4aa1dde5-0888-4e4d-9d8f-db52bae1c1c4",
              "isHook": false,
              "skipped": false
            },
            {
              "title": "Salve o email no estado da aplicação, com a chave email, assim que o usuário logar.",
              "fullTitle": "1 - Crie uma página inicial de login com os seguintes campos e características: Salve o email no estado da aplicação, com a chave email, assim que o usuário logar.",
              "timedOut": null,
              "duration": 758,
              "state": "passed",
              "speed": "fast",
              "pass": true,
              "fail": false,
              "pending": false,
              "context": null,
              "code": "(0, _helperFunctions.logInWithValidCredentials)();\ncy.window().its('store').invoke('getState').its('user.email').should('eq', _constants.VALID_EMAIL);",
              "err": {},
              "uuid": "39c16f9b-591b-44dd-9e41-9d9519f077d8",
              "parentUUID": "4aa1dde5-0888-4e4d-9d8f-db52bae1c1c4",
              "isHook": false,
              "skipped": false
            },
            {
              "title": "A rota deve ser mudada para '/carteira' após o clique no botão.",
              "fullTitle": "1 - Crie uma página inicial de login com os seguintes campos e características: A rota deve ser mudada para '/carteira' após o clique no botão.",
              "timedOut": null,
              "duration": 10668,
              "state": "failed",
              "speed": null,
              "pass": false,
              "fail": true,
              "pending": false,
              "context": null,
              "code": "(0, _helperFunctions.logInWithValidCredentials)();\ncy.location('pathname').should('eq', '/carteira');",
              "err": {
                "message": "AssertionError: Timed out retrying after 10000ms: expected '/' to equal '/carteira'",
                "estack": "AssertionError: Timed out retrying after 10000ms: expected '/' to equal '/carteira'\n    at Context.eval (http://localhost:3000/__cypress/tests?p=cypress/integration/01.LoginPage_spec.js:172:29)",
                "diff": "- '/'\n+ '/carteira'\n"
              },
              "uuid": "e196c9d1-433d-4c74-99e5-1abecf4e07d9",
              "parentUUID": "4aa1dde5-0888-4e4d-9d8f-db52bae1c1c4",
              "isHook": false,
              "skipped": false
            }
          ],
          "suites": [],
          "passes": [
            "f9fc8009-3269-48b5-9d6b-469cb8dd30ed",
            "3438d876-77ed-4cec-bf2f-56d3bc999129",
            "5e766307-bf02-4eb6-ae82-00a4074c69c1",
            "39c16f9b-591b-44dd-9e41-9d9519f077d8"
          ],
          "failures": [
            "bf54fb0c-de9c-43b3-9164-5fd0eedb60cd",
            "e196c9d1-433d-4c74-99e5-1abecf4e07d9"
          ],
          "pending": [],
          "skipped": [],
          "duration": 22103,
          "root": false,
          "rootEmpty": false,
          "_timeout": 2000
        }
      ],
      "passes": [],
      "failures": [],
      "pending": [],
      "skipped": [],
      "duration": 0,
      "root": true,
      "rootEmpty": true,
      "_timeout": 2000
    }
  ],
  "meta": {
    "mocha": {
      "version": "7.0.1"
    },
    "mochawesome": {
      "options": {
        "quiet": false,
        "reportFilename": "mochawesome",
        "saveHtml": false,
        "saveJson": true,
        "consoleReporter": "spec",
        "useInlineDiffs": false,
        "code": true
      },
      "version": "7.1.3"
    },
    "marge": {
      "options": {
        "id": "default",
        "reportDir": "cypress/reports",
        "overwrite": false,
        "html": false,
        "json": true
      },
      "version": "6.2.0"
    }
  }
}